c:\users\daniel\desktop\facultate\anul ii\oop\lab5\pb2\pb2\debug\vc142.pdb
c:\users\daniel\desktop\facultate\anul ii\oop\lab5\pb2\pb2\debug\vc142.idb
c:\users\daniel\desktop\facultate\anul ii\oop\lab5\pb2\pb2\debug\dog.obj
c:\users\daniel\desktop\facultate\anul ii\oop\lab5\pb2\pb2\debug\source.obj
c:\users\daniel\desktop\facultate\anul ii\oop\lab5\pb2\pb2\debug\dogwithoutspots.obj
c:\users\daniel\desktop\facultate\anul ii\oop\lab5\pb2\pb2\debug\dogwithspots.obj
c:\users\daniel\desktop\facultate\anul ii\oop\lab8\pb2\pb2\debug\vc142.pdb
c:\users\daniel\desktop\facultate\anul ii\oop\lab8\pb2\pb2\debug\vc142.idb
c:\users\daniel\desktop\facultate\anul ii\oop\lab8\pb2\pb2\debug\source.obj
c:\users\daniel\desktop\facultate\anul ii\oop\lab8\pb2\pb2\debug\dogwithspots.obj
c:\users\daniel\desktop\facultate\anul ii\oop\lab8\pb2\pb2\debug\dogwithoutspots.obj
c:\users\daniel\desktop\facultate\anul ii\oop\lab8\pb2\pb2\debug\dog.obj
c:\users\daniel\desktop\facultate\anul ii\oop\lab5\pb2\debug\pb2.exe
c:\users\daniel\desktop\facultate\anul ii\oop\lab5\pb2\debug\pb2.ilk
c:\users\daniel\desktop\facultate\anul ii\oop\lab5\pb2\debug\pb2.pdb
c:\users\daniel\desktop\facultate\anul ii\oop\lab8\pb2\debug\pb2.exe
c:\users\daniel\desktop\facultate\anul ii\oop\lab8\pb2\debug\pb2.ilk
c:\users\daniel\desktop\facultate\anul ii\oop\lab8\pb2\debug\pb2.pdb
c:\users\daniel\desktop\facultate\anul ii\oop\lab8\pb2\pb2\debug\pb2.tlog\cl.command.1.tlog
c:\users\daniel\desktop\facultate\anul ii\oop\lab8\pb2\pb2\debug\pb2.tlog\cl.read.1.tlog
c:\users\daniel\desktop\facultate\anul ii\oop\lab8\pb2\pb2\debug\pb2.tlog\cl.write.1.tlog
c:\users\daniel\desktop\facultate\anul ii\oop\lab8\pb2\pb2\debug\pb2.tlog\link.command.1.tlog
c:\users\daniel\desktop\facultate\anul ii\oop\lab8\pb2\pb2\debug\pb2.tlog\link.read.1.tlog
c:\users\daniel\desktop\facultate\anul ii\oop\lab8\pb2\pb2\debug\pb2.tlog\link.write.1.tlog
